# JRE version: OpenJDK Runtime Environment Temurin-17.0.6+10 (17.0.6+10) (build 17.0.6+10)
# Java VM: OpenJDK 64-Bit Server VM Temurin-17.0.6+10 (17.0.6+10, mixed mode, tiered, compressed oops, compressed class ptrs, parallel gc, windows-amd64)
GC Precious Log:
 CPUs: 4 total, 4 available
 Memory: 4012M
 Large Page Support: Disabled
 NUMA Support: Disabled
 Compressed Oops: Enabled (32-bit)
 Alignments: Space 512K, Generation 512K, Heap 2M
 Heap Min Capacity: 100M
 Heap Initial Capacity: 100M
 Heap Max Capacity: 1G
 Pre-touch: Disabled
 Parallel Workers: 4
Heap:
 PSYoungGen      total 2048K, used 1195K [0x00000000eab00000, 0x00000000eae00000, 0x0000000100000000)
  eden space 1536K, 63% used [0x00000000eab00000,0x00000000eabf2f38,0x00000000eac80000)
  from space 512K, 43% used [0x00000000ead80000,0x00000000eadb8000,0x00000000eae00000)
  to   space 512K, 0% used [0x00000000ead00000,0x00000000ead00000,0x00000000ead80000)
 ParOldGen       total 272896K, used 261262K [0x00000000c0000000, 0x00000000d0a80000, 0x00000000eab00000)
  object space 272896K, 95% used [0x00000000c0000000,0x00000000cff23850,0x00000000d0a80000)
 Metaspace       used 79165K, committed 80192K, reserved 1122304K
  class space    used 8182K, committed 8640K, reserved 1048576K
GC Heap History (20 events):
Event: 1153.964 GC heap before
{Heap before GC invocations=1316 (full 23):
 PSYoungGen      total 2560K, used 1791K [0x00000000eab00000, 0x00000000eae00000, 0x0000000100000000)
  eden space 1536K, 99% used [0x00000000eab00000,0x00000000eac7fff8,0x00000000eac80000)
  from space 1024K, 25% used [0x00000000eac80000,0x00000000eacc0000,0x00000000ead80000)
  to   space 512K, 0% used [0x00000000ead80000,0x00000000ead80000,0x00000000eae00000)
 ParOldGen       total 272896K, used 257468K [0x00000000c0000000, 0x00000000d0a80000, 0x00000000eab00000)
  object space 272896K, 94% used [0x00000000c0000000,0x00000000cfb6f310,0x00000000d0a80000)
 Metaspace       used 79132K, committed 80128K, reserved 1122304K
  class space    used 8182K, committed 8640K, reserved 1048576K
}
Event: 1153.966 GC heap after
{Heap after GC invocations=1316 (full 23):
 PSYoungGen      total 2048K, used 288K [0x00000000eab00000, 0x00000000eae00000, 0x0000000100000000)
  eden space 1536K, 0% used [0x00000000eab00000,0x00000000eab00000,0x00000000eac80000)
  from space 512K, 56% used [0x00000000ead80000,0x00000000eadc8000,0x00000000eae00000)
  to   space 512K, 0% used [0x00000000ead00000,0x00000000ead00000,0x00000000ead80000)
 ParOldGen       total 272896K, used 257681K [0x00000000c0000000, 0x00000000d0a80000, 0x00000000eab00000)
  object space 272896K, 94% used [0x00000000c0000000,0x00000000cfba47b0,0x00000000d0a80000)
 Metaspace       used 79132K, committed 80128K, reserved 1122304K
  class space    used 8182K, committed 8640K, reserved 1048576K
}
Event: 1153.995 GC heap before
{Heap before GC invocations=1317 (full 23):
 PSYoungGen      total 2048K, used 1824K [0x00000000eab00000, 0x00000000eae00000, 0x0000000100000000)
  eden space 1536K, 100% used [0x00000000eab00000,0x00000000eac80000,0x00000000eac80000)
  from space 512K, 56% used [0x00000000ead80000,0x00000000eadc8000,0x00000000eae00000)
  to   space 512K, 0% used [0x00000000ead00000,0x00000000ead00000,0x00000000ead80000)
 ParOldGen       total 272896K, used 257681K [0x00000000c0000000, 0x00000000d0a80000, 0x00000000eab00000)
  object space 272896K, 94% used [0x00000000c0000000,0x00000000cfba47b0,0x00000000d0a80000)
 Metaspace       used 79137K, committed 80128K, reserved 1122304K
  class space    used 8182K, committed 8640K, reserved 1048576K
}
Event: 1153.997 GC heap after
{Heap after GC invocations=1317 (full 23):
 PSYoungGen      total 2048K, used 496K [0x00000000eab00000, 0x00000000eae80000, 0x0000000100000000)
  eden space 1536K, 0% used [0x00000000eab00000,0x00000000eab00000,0x00000000eac80000)
  from space 512K, 96% used [0x00000000ead00000,0x00000000ead7c010,0x00000000ead80000)
  to   space 1024K, 0% used [0x00000000ead80000,0x00000000ead80000,0x00000000eae80000)
 ParOldGen       total 272896K, used 257928K [0x00000000c0000000, 0x00000000d0a80000, 0x00000000eab00000)
  object space 272896K, 94% used [0x00000000c0000000,0x00000000cfbe21f0,0x00000000d0a80000)
 Metaspace       used 79137K, committed 80128K, reserved 1122304K
  class space    used 8182K, committed 8640K, reserved 1048576K
}
Event: 1154.035 GC heap before
{Heap before GC invocations=1318 (full 23):
 PSYoungGen      total 2048K, used 2031K [0x00000000eab00000, 0x00000000eae80000, 0x0000000100000000)
  eden space 1536K, 99% used [0x00000000eab00000,0x00000000eac7ffe0,0x00000000eac80000)
  from space 512K, 96% used [0x00000000ead00000,0x00000000ead7c010,0x00000000ead80000)
  to   space 1024K, 0% used [0x00000000ead80000,0x00000000ead80000,0x00000000eae80000)
 ParOldGen       total 272896K, used 257928K [0x00000000c0000000, 0x00000000d0a80000, 0x00000000eab00000)
  object space 272896K, 94% used [0x00000000c0000000,0x00000000cfbe21f0,0x00000000d0a80000)
 Metaspace       used 79147K, committed 80192K, reserved 1122304K
  class space    used 8182K, committed 8640K, reserved 1048576K
}
Event: 1154.037 GC heap after
{Heap after GC invocations=1318 (full 23):
 PSYoungGen      total 2048K, used 288K [0x00000000eab00000, 0x00000000eae00000, 0x0000000100000000)
  eden space 1536K, 0% used [0x00000000eab00000,0x00000000eab00000,0x00000000eac80000)
  from space 512K, 56% used [0x00000000ead80000,0x00000000eadc8000,0x00000000eae00000)
  to   space 512K, 0% used [0x00000000ead00000,0x00000000ead00000,0x00000000ead80000)
 ParOldGen       total 272896K, used 258413K [0x00000000c0000000, 0x00000000d0a80000, 0x00000000eab00000)
  object space 272896K, 94% used [0x00000000c0000000,0x00000000cfc5b6b0,0x00000000d0a80000)
 Metaspace       used 79147K, committed 80192K, reserved 1122304K
  class space    used 8182K, committed 8640K, reserved 1048576K
}
Event: 1154.050 GC heap before
{Heap before GC invocations=1319 (full 23):
 PSYoungGen      total 2048K, used 1824K [0x00000000eab00000, 0x00000000eae00000, 0x0000000100000000)
  eden space 1536K, 100% used [0x00000000eab00000,0x00000000eac80000,0x00000000eac80000)
  from space 512K, 56% used [0x00000000ead80000,0x00000000eadc8000,0x00000000eae00000)
  to   space 512K, 0% used [0x00000000ead00000,0x00000000ead00000,0x00000000ead80000)
 ParOldGen       total 272896K, used 258413K [0x00000000c0000000, 0x00000000d0a80000, 0x00000000eab00000)
  object space 272896K, 94% used [0x00000000c0000000,0x00000000cfc5b6b0,0x00000000d0a80000)
 Metaspace       used 79149K, committed 80192K, reserved 1122304K
  class space    used 8182K, committed 8640K, reserved 1048576K
}
Event: 1154.052 GC heap after
{Heap after GC invocations=1319 (full 23):
 PSYoungGen      total 2048K, used 432K [0x00000000eab00000, 0x00000000eae00000, 0x0000000100000000)
  eden space 1536K, 0% used [0x00000000eab00000,0x00000000eab00000,0x00000000eac80000)
  from space 512K, 84% used [0x00000000ead00000,0x00000000ead6c010,0x00000000ead80000)
  to   space 512K, 0% used [0x00000000ead80000,0x00000000ead80000,0x00000000eae00000)
 ParOldGen       total 272896K, used 258644K [0x00000000c0000000, 0x00000000d0a80000, 0x00000000eab00000)
  object space 272896K, 94% used [0x00000000c0000000,0x00000000cfc950f0,0x00000000d0a80000)
 Metaspace       used 79149K, committed 80192K, reserved 1122304K
  class space    used 8182K, committed 8640K, reserved 1048576K
}
Event: 1190.253 GC heap before
{Heap before GC invocations=1320 (full 23):
 PSYoungGen      total 2048K, used 1968K [0x00000000eab00000, 0x00000000eae00000, 0x0000000100000000)
  eden space 1536K, 100% used [0x00000000eab00000,0x00000000eac80000,0x00000000eac80000)
  from space 512K, 84% used [0x00000000ead00000,0x00000000ead6c010,0x00000000ead80000)
  to   space 512K, 0% used [0x00000000ead80000,0x00000000ead80000,0x00000000eae00000)
 ParOldGen       total 272896K, used 258644K [0x00000000c0000000, 0x00000000d0a80000, 0x00000000eab00000)
  object space 272896K, 94% used [0x00000000c0000000,0x00000000cfc950f0,0x00000000d0a80000)
 Metaspace       used 79150K, committed 80192K, reserved 1122304K
  class space    used 8182K, committed 8640K, reserved 1048576K
}
Event: 1190.255 GC heap after
{Heap after GC invocations=1320 (full 23):
 PSYoungGen      total 2048K, used 224K [0x00000000eab00000, 0x00000000eae00000, 0x0000000100000000)
  eden space 1536K, 0% used [0x00000000eab00000,0x00000000eab00000,0x00000000eac80000)
  from space 512K, 43% used [0x00000000ead80000,0x00000000eadb8000,0x00000000eae00000)
  to   space 512K, 0% used [0x00000000ead00000,0x00000000ead00000,0x00000000ead80000)
 ParOldGen       total 272896K, used 258932K [0x00000000c0000000, 0x00000000d0a80000, 0x00000000eab00000)
  object space 272896K, 94% used [0x00000000c0000000,0x00000000cfcdd110,0x00000000d0a80000)
 Metaspace       used 79150K, committed 80192K, reserved 1122304K
  class space    used 8182K, committed 8640K, reserved 1048576K
}
Event: 1190.273 GC heap before
{Heap before GC invocations=1321 (full 23):
 PSYoungGen      total 2048K, used 1760K [0x00000000eab00000, 0x00000000eae00000, 0x0000000100000000)
  eden space 1536K, 100% used [0x00000000eab00000,0x00000000eac80000,0x00000000eac80000)
  from space 512K, 43% used [0x00000000ead80000,0x00000000eadb8000,0x00000000eae00000)
  to   space 512K, 0% used [0x00000000ead00000,0x00000000ead00000,0x00000000ead80000)
 ParOldGen       total 272896K, used 258932K [0x00000000c0000000, 0x00000000d0a80000, 0x00000000eab00000)
  object space 272896K, 94% used [0x00000000c0000000,0x00000000cfcdd110,0x00000000d0a80000)
 Metaspace       used 79150K, committed 80192K, reserved 1122304K
  class space    used 8182K, committed 8640K, reserved 1048576K
}
Event: 1190.277 GC heap after
{Heap after GC invocations=1321 (full 23):
 PSYoungGen      total 2048K, used 480K [0x00000000eab00000, 0x00000000eae80000, 0x0000000100000000)
  eden space 1536K, 0% used [0x00000000eab00000,0x00000000eab00000,0x00000000eac80000)
  from space 512K, 93% used [0x00000000ead00000,0x00000000ead78020,0x00000000ead80000)
  to   space 1024K, 0% used [0x00000000ead80000,0x00000000ead80000,0x00000000eae80000)
 ParOldGen       total 272896K, used 259026K [0x00000000c0000000, 0x00000000d0a80000, 0x00000000eab00000)
  object space 272896K, 94% used [0x00000000c0000000,0x00000000cfcf4b50,0x00000000d0a80000)
 Metaspace       used 79150K, committed 80192K, reserved 1122304K
  class space    used 8182K, committed 8640K, reserved 1048576K
}
Event: 1190.313 GC heap before
{Heap before GC invocations=1322 (full 23):
 PSYoungGen      total 2048K, used 2016K [0x00000000eab00000, 0x00000000eae80000, 0x0000000100000000)
  eden space 1536K, 100% used [0x00000000eab00000,0x00000000eac80000,0x00000000eac80000)
  from space 512K, 93% used [0x00000000ead00000,0x00000000ead78020,0x00000000ead80000)
  to   space 1024K, 0% used [0x00000000ead80000,0x00000000ead80000,0x00000000eae80000)
 ParOldGen       total 272896K, used 259026K [0x00000000c0000000, 0x00000000d0a80000, 0x00000000eab00000)
  object space 272896K, 94% used [0x00000000c0000000,0x00000000cfcf4b50,0x00000000d0a80000)
 Metaspace       used 79153K, committed 80192K, reserved 1122304K
  class space    used 8182K, committed 8640K, reserved 1048576K
}
Event: 1190.316 GC heap after
{Heap after GC invocations=1322 (full 23):
 PSYoungGen      total 2560K, used 608K [0x00000000eab00000, 0x00000000eae80000, 0x0000000100000000)
  eden space 1536K, 0% used [0x00000000eab00000,0x00000000eab00000,0x00000000eac80000)
  from space 1024K, 59% used [0x00000000ead80000,0x00000000eae18000,0x00000000eae80000)
  to   space 1024K, 0% used [0x00000000eac80000,0x00000000eac80000,0x00000000ead80000)
 ParOldGen       total 272896K, used 259496K [0x00000000c0000000, 0x00000000d0a80000, 0x00000000eab00000)
  object space 272896K, 95% used [0x00000000c0000000,0x00000000cfd6a010,0x00000000d0a80000)
 Metaspace       used 79153K, committed 80192K, reserved 1122304K
  class space    used 8182K, committed 8640K, reserved 1048576K
}
Event: 1190.619 GC heap before
{Heap before GC invocations=1323 (full 23):
 PSYoungGen      total 2560K, used 2144K [0x00000000eab00000, 0x00000000eae80000, 0x0000000100000000)
  eden space 1536K, 100% used [0x00000000eab00000,0x00000000eac80000,0x00000000eac80000)
  from space 1024K, 59% used [0x00000000ead80000,0x00000000eae18000,0x00000000eae80000)
  to   space 1024K, 0% used [0x00000000eac80000,0x00000000eac80000,0x00000000ead80000)
 ParOldGen       total 272896K, used 259496K [0x00000000c0000000, 0x00000000d0a80000, 0x00000000eab00000)
  object space 272896K, 95% used [0x00000000c0000000,0x00000000cfd6a010,0x00000000d0a80000)
 Metaspace       used 79153K, committed 80192K, reserved 1122304K
  class space    used 8182K, committed 8640K, reserved 1048576K
}
Event: 1190.624 GC heap after
{Heap after GC invocations=1323 (full 23):
 PSYoungGen      total 2560K, used 560K [0x00000000eab00000, 0x00000000eae80000, 0x0000000100000000)
  eden space 1536K, 0% used [0x00000000eab00000,0x00000000eab00000,0x00000000eac80000)
  from space 1024K, 54% used [0x00000000eac80000,0x00000000ead0c010,0x00000000ead80000)
  to   space 1024K, 0% used [0x00000000ead80000,0x00000000ead80000,0x00000000eae80000)
 ParOldGen       total 272896K, used 260045K [0x00000000c0000000, 0x00000000d0a80000, 0x00000000eab00000)
  object space 272896K, 95% used [0x00000000c0000000,0x00000000cfdf34b0,0x00000000d0a80000)
 Metaspace       used 79153K, committed 80192K, reserved 1122304K
  class space    used 8182K, committed 8640K, reserved 1048576K
}
Event: 1190.761 GC heap before
{Heap before GC invocations=1324 (full 23):
 PSYoungGen      total 2560K, used 2096K [0x00000000eab00000, 0x00000000eae80000, 0x0000000100000000)
  eden space 1536K, 100% used [0x00000000eab00000,0x00000000eac80000,0x00000000eac80000)
  from space 1024K, 54% used [0x00000000eac80000,0x00000000ead0c010,0x00000000ead80000)
  to   space 1024K, 0% used [0x00000000ead80000,0x00000000ead80000,0x00000000eae80000)
 ParOldGen       total 272896K, used 260045K [0x00000000c0000000, 0x00000000d0a80000, 0x00000000eab00000)
  object space 272896K, 95% used [0x00000000c0000000,0x00000000cfdf34b0,0x00000000d0a80000)
 Metaspace       used 79153K, committed 80192K, reserved 1122304K
  class space    used 8182K, committed 8640K, reserved 1048576K
}
Event: 1190.763 GC heap after
{Heap after GC invocations=1324 (full 23):
 PSYoungGen      total 2560K, used 528K [0x00000000eab00000, 0x00000000eae80000, 0x0000000100000000)
  eden space 1536K, 0% used [0x00000000eab00000,0x00000000eab00000,0x00000000eac80000)
  from space 1024K, 51% used [0x00000000ead80000,0x00000000eae04010,0x00000000eae80000)
  to   space 1024K, 0% used [0x00000000eac80000,0x00000000eac80000,0x00000000ead80000)
 ParOldGen       total 272896K, used 260530K [0x00000000c0000000, 0x00000000d0a80000, 0x00000000eab00000)
  object space 272896K, 95% used [0x00000000c0000000,0x00000000cfe6c950,0x00000000d0a80000)
 Metaspace       used 79153K, committed 80192K, reserved 1122304K
  class space    used 8182K, committed 8640K, reserved 1048576K
}
Event: 1190.788 GC heap before
{Heap before GC invocations=1325 (full 23):
 PSYoungGen      total 2560K, used 2064K [0x00000000eab00000, 0x00000000eae80000, 0x0000000100000000)
  eden space 1536K, 100% used [0x00000000eab00000,0x00000000eac80000,0x00000000eac80000)
  from space 1024K, 51% used [0x00000000ead80000,0x00000000eae04010,0x00000000eae80000)
  to   space 1024K, 0% used [0x00000000eac80000,0x00000000eac80000,0x00000000ead80000)
 ParOldGen       total 272896K, used 260530K [0x00000000c0000000, 0x00000000d0a80000, 0x00000000eab00000)
  object space 272896K, 95% used [0x00000000c0000000,0x00000000cfe6c950,0x00000000d0a80000)
 Metaspace       used 79161K, committed 80192K, reserved 1122304K
  class space    used 8182K, committed 8640K, reserved 1048576K
}
Event: 1190.790 GC heap after
{Heap after GC invocations=1325 (full 23):
 PSYoungGen      total 2560K, used 128K [0x00000000eab00000, 0x00000000eae00000, 0x0000000100000000)
  eden space 1536K, 0% used [0x00000000eab00000,0x00000000eab00000,0x00000000eac80000)
  from space 1024K, 12% used [0x00000000eac80000,0x00000000eaca0000,0x00000000ead80000)
  to   space 512K, 0% used [0x00000000ead80000,0x00000000ead80000,0x00000000eae00000)
 ParOldGen       total 272896K, used 260976K [0x00000000c0000000, 0x00000000d0a80000, 0x00000000eab00000)
  object space 272896K, 95% used [0x00000000c0000000,0x00000000cfedc3b0,0x00000000d0a80000)
 Metaspace       used 79161K, committed 80192K, reserved 1122304K
  class space    used 8182K, committed 8640K, reserved 1048576K
}

